E:\C\APRIORI\APRIORI\DEBUG\VC110.PDB
E:\C\APRIORI\APRIORI\DEBUG\MAIN.OBJ
E:\C\APRIORI\DEBUG\APRIORI.ILK
E:\C\APRIORI\DEBUG\APRIORI.EXE
E:\C\APRIORI\DEBUG\APRIORI.PDB
E:\C\apriori\apriori\Debug\main.obj
E:\C\apriori\apriori\Debug\cl.command.1.tlog
E:\C\apriori\apriori\Debug\CL.read.1.tlog
E:\C\apriori\apriori\Debug\CL.write.1.tlog
E:\C\apriori\apriori\Debug\link-cvtres.read.1.tlog
E:\C\apriori\apriori\Debug\link-cvtres.write.1.tlog
E:\C\apriori\apriori\Debug\link-rc.read.1.tlog
E:\C\apriori\apriori\Debug\link-rc.write.1.tlog
E:\C\apriori\apriori\Debug\link.command.1.tlog
E:\C\apriori\apriori\Debug\link.read.1.tlog
E:\C\apriori\apriori\Debug\link.write.1.tlog
E:\C\apriori\apriori\Debug\vc110.idb
E:\C\apriori\apriori\Debug\vc110.pdb
E:\C\apriori\Debug\apriori.pdb
E:\C\apriori\Debug\apriori.exe
E:\C\apriori\Debug\apriori.ilk
